<?xml version="1.0" encoding="UTF-8"?>
<testng-results ignored="0" total="2" passed="2" failed="0" skipped="0">
  <reporter-output>
  </reporter-output>
  <suite started-at="2021-08-30T02:35:34 CEST" name="Default suite" finished-at="2021-08-30T02:35:48 CEST" duration-ms="14380">
    <groups>
      <group name="cucumber">
        <method signature="AbstractTestNGCucumberTests.runScenario(io.cucumber.testng.PickleWrapper, io.cucumber.testng.FeatureWrapper)[pri:0, instance:cucumber.Options.RunCucumberTests@5be6e01c]" name="runScenario" class="io.cucumber.testng.AbstractTestNGCucumberTests"/>
      </group> <!-- cucumber -->
    </groups>
    <test started-at="2021-08-30T02:35:34 CEST" name="Default test" finished-at="2021-08-30T02:35:48 CEST" duration-ms="14380">
      <class name="cucumber.Options.RunCucumberTests">
        <test-method is-config="true" signature="setUpClass()[pri:0, instance:cucumber.Options.RunCucumberTests@5be6e01c]" started-at="2021-08-30T02:35:34 CEST" name="setUpClass" finished-at="2021-08-30T02:35:34 CEST" duration-ms="512" status="PASS">
          <reporter-output>
          </reporter-output>
        </test-method> <!-- setUpClass -->
        <test-method signature="runScenario(io.cucumber.testng.PickleWrapper, io.cucumber.testng.FeatureWrapper)[pri:0, instance:cucumber.Options.RunCucumberTests@5be6e01c]" started-at="2021-08-30T02:35:34 CEST" name="runScenario" description="Runs Cucumber Scenarios" data-provider="scenarios" finished-at="2021-08-30T02:35:43 CEST" duration-ms="8375" status="PASS">
          <params>
            <param index="0">
              <value>
                <![CDATA["User successfully navigates to the EmailConfirmation Page on entering all valid Sign-up details"]]>
              </value>
            </param>
            <param index="1">
              <value>
                <![CDATA["Optional[E2E tests for Signup Page]"]]>
              </value>
            </param>
          </params>
          <reporter-output>
          </reporter-output>
        </test-method> <!-- runScenario -->
        <test-method signature="runScenario(io.cucumber.testng.PickleWrapper, io.cucumber.testng.FeatureWrapper)[pri:0, instance:cucumber.Options.RunCucumberTests@5be6e01c]" started-at="2021-08-30T02:35:43 CEST" name="runScenario" description="Runs Cucumber Scenarios" data-provider="scenarios" finished-at="2021-08-30T02:35:48 CEST" duration-ms="5361" status="PASS">
          <params>
            <param index="0">
              <value>
                <![CDATA["User successfully navigates to the EmailConfirmation Page on entering all mandatory Sign-up details (News&UpdateAgreement-not selected)"]]>
              </value>
            </param>
            <param index="1">
              <value>
                <![CDATA["Optional[E2E tests for Signup Page]"]]>
              </value>
            </param>
          </params>
          <reporter-output>
          </reporter-output>
        </test-method> <!-- runScenario -->
        <test-method is-config="true" signature="tearDownClass()[pri:0, instance:cucumber.Options.RunCucumberTests@5be6e01c]" started-at="2021-08-30T02:35:48 CEST" name="tearDownClass" finished-at="2021-08-30T02:35:48 CEST" duration-ms="89" status="PASS">
          <reporter-output>
          </reporter-output>
        </test-method> <!-- tearDownClass -->
      </class> <!-- cucumber.Options.RunCucumberTests -->
    </test> <!-- Default test -->
  </suite> <!-- Default suite -->
</testng-results>
